<?xml version="1.0" encoding="UTF-8"?>
<!-- Generated by org.testng.reporters.JUnitXMLReporter -->
<testsuite hostname="Akshats-MacBook-Pro.local" name="Default test(failed)" tests="2" failures="0" timestamp="23 Nov 2015 01:44:00 GMT" time="219.567" errors="0">
  <testcase name="@AfterMethod TearDown" time="0.0" classname="curbside.curbside.CurbSidePageObject">
    <failure type="java.lang.NullPointerException">
      <![CDATA[java.lang.NullPointerException
	at curbside.curbside.CurbSidePageObject.TearDown(CurbSidePageObject.java:69)
... Removed 26 stack frames]]>
    </failure>
  </testcase> <!-- @AfterMethod TearDown -->
  <testcase name="getJobs" time="203.688" classname="curbside.curbside.CurbSidePageObject"/>
  <testcase name="setup" time="12.933" classname="curbside.curbside.SmartCurb"/>
</testsuite> <!-- Default test(failed) -->
