<?xml version="1.0" encoding="UTF-8"?>
<testng-results skipped="0" failed="0" total="1" passed="1">
  <reporter-output>
  </reporter-output>
  <suite name="Default suite" duration-ms="17537" started-at="2015-11-22T21:34:38Z" finished-at="2015-11-22T21:34:55Z">
    <groups>
    </groups>
    <test name="Default test" duration-ms="17537" started-at="2015-11-22T21:34:38Z" finished-at="2015-11-22T21:34:55Z">
      <class name="curbside.curbside.SmartCurb">
        <test-method status="PASS" signature="setup()[pri:0, instance:curbside.curbside.SmartCurb@7f387985]" name="setup" duration-ms="17452" started-at="2015-11-22T13:34:38Z" finished-at="2015-11-22T13:34:55Z">
          <reporter-output>
          </reporter-output>
        </test-method> <!-- setup -->
      </class> <!-- curbside.curbside.SmartCurb -->
    </test> <!-- Default test -->
  </suite> <!-- Default suite -->
</testng-results>
